Tue Sep 04 09:42:33 CEST 2001> <Kernel> Kernel loaded.
Tue Sep 04 09:42:33 CEST 2001> <Kernel> starting init...
Tue Sep 04 10:11:54 CEST 2001> <Kernel> Kernel loaded.
Tue Sep 04 10:11:54 CEST 2001> <Kernel> starting init...
Tue Sep 04 10:11:54 CEST 2001> Init started. [pid: 1]
Tue Sep 04 11:10:34 CEST 2001> <Kernel> Kernel loaded.
Tue Sep 04 11:10:34 CEST 2001> <Kernel> starting init...
Tue Sep 04 11:10:34 CEST 2001> Init started. [pid: 1]
Tue Sep 04 11:10:34 CEST 2001> Init completed succesfully.
Wed Sep 05 09:15:38 CEST 2001> <Kernel> Kernel loaded.
Wed Sep 05 09:15:38 CEST 2001> <Kernel> starting init...
Wed Sep 05 09:15:38 CEST 2001> <Init> Init started. [pid: 1]
Wed Sep 05 09:15:38 CEST 2001> Loading com.javamercenary.ai.inferenczy.core.DBConnection... 
Wed Sep 05 09:15:38 CEST 2001> Loading com.javamercenary.ai.inferenczy.core.XMLReader... 
Wed Sep 05 09:15:38 CEST 2001> Loading com.javamercenary.ai.inferenczy.core.XMLWriter... 
Wed Sep 05 09:15:38 CEST 2001> Loading com.javamercenary.ai.inferenczy.core.IServer... 
Wed Sep 05 09:15:38 CEST 2001> <Init> Init completed succesfully.
Wed Sep 05 09:52:10 CEST 2001> <Kernel> Kernel loaded.
Wed Sep 05 09:52:10 CEST 2001> <Kernel> starting init...
Wed Sep 05 09:52:10 CEST 2001> <Init> Init started. [pid: 1]
Wed Sep 05 09:52:10 CEST 2001> Failed loadin properties .Error: null
Wed Sep 05 09:52:10 CEST 2001> <Init> Init finished with errors. Check init.d file.
Wed Sep 05 09:52:10 CEST 2001> <DBConnection> starting...
Wed Sep 05 09:52:10 CEST 2001> <DBConnection> Can't connect to DB
Wed Sep 05 09:52:10 CEST 2001> <DBConnection> started. [pid: 2]
Wed Sep 05 09:55:18 CEST 2001> <Kernel> Kernel loaded.
Wed Sep 05 09:55:18 CEST 2001> <Kernel> starting init...
Wed Sep 05 09:55:18 CEST 2001> <Init> Init started. [pid: 1]
Wed Sep 05 09:55:18 CEST 2001> <Init> Init completed succesfully.
Wed Sep 05 09:55:18 CEST 2001> <DBConnection> starting...
Wed Sep 05 09:55:18 CEST 2001> <DBConnection> Can't connect to DB
Wed Sep 05 09:55:18 CEST 2001> <DBConnection> started. [pid: 2]
Wed Sep 05 09:57:45 CEST 2001> <Kernel> Kernel loaded.
Wed Sep 05 09:57:45 CEST 2001> <Kernel> starting init...
Wed Sep 05 09:57:45 CEST 2001> <Init> Init started. [pid: 1]
Wed Sep 05 09:57:45 CEST 2001> <Init> Init completed succesfully.
Wed Sep 05 09:57:45 CEST 2001> <DBConnection> starting...
Wed Sep 05 09:57:45 CEST 2001> <DBConnection> Can't connect to DB
Wed Sep 05 09:57:45 CEST 2001> <DBConnection> started. [pid: 2]
Wed Sep 05 09:58:09 CEST 2001> <Kernel> Kernel loaded.
Wed Sep 05 09:58:09 CEST 2001> <Kernel> starting init...
Wed Sep 05 09:58:09 CEST 2001> <Init> Init started. [pid: 1]
Wed Sep 05 09:58:09 CEST 2001> <Init> Init completed succesfully.
Wed Sep 05 09:58:09 CEST 2001> <DBConnection> starting...
Wed Sep 05 09:58:10 CEST 2001> <DBConnection> Connected to DB
Wed Sep 05 09:58:10 CEST 2001> <DBConnection> started. [pid: 2]
Wed Sep 05 10:06:00 CEST 2001> <Kernel> Kernel loaded.
Wed Sep 05 10:06:00 CEST 2001> <Kernel> starting init...
Wed Sep 05 10:06:00 CEST 2001> <Init> Init started. [pid: 1]
Wed Sep 05 10:06:00 CEST 2001> <Init> Init completed succesfully.
Wed Sep 05 10:06:00 CEST 2001> <DBConnection> starting...
Wed Sep 05 10:06:01 CEST 2001> <DBConnection> Connected to DB
Wed Sep 05 10:06:01 CEST 2001> <DBConnection> started. [pid: 2]
Wed Sep 05 10:40:49 CEST 2001> <Kernel> Kernel loaded.
Wed Sep 05 10:40:49 CEST 2001> <Kernel> starting init...
Wed Sep 05 10:40:49 CEST 2001> <Init> Init started. [pid: 1]
Wed Sep 05 10:40:49 CEST 2001> <Init> Init completed succesfully.
Wed Sep 05 10:40:49 CEST 2001> <DBConnection> starting...
Wed Sep 05 10:40:49 CEST 2001> <DBConnection> Connected to DB
Wed Sep 05 10:40:49 CEST 2001> <DBConnection> started. [pid: 2]
Wed Sep 05 10:43:09 CEST 2001> <Kernel> Kernel loaded.
Wed Sep 05 10:43:09 CEST 2001> <Kernel> starting init...
Wed Sep 05 10:43:09 CEST 2001> <Init> Init started. [pid: 1]
Wed Sep 05 10:43:09 CEST 2001> <Init> Init completed succesfully.
Wed Sep 05 10:43:09 CEST 2001> <DBConnection> starting...
Wed Sep 05 10:43:10 CEST 2001> SQL SELECT successful: select * from personas
Wed Sep 05 10:43:10 CEST 2001> <DBConnection> Connected to DB
Wed Sep 05 10:43:10 CEST 2001> <DBConnection> started. [pid: 2]
Wed Sep 05 10:48:43 CEST 2001> <Kernel> Kernel loaded.
Wed Sep 05 10:48:43 CEST 2001> <Kernel> starting init...
Wed Sep 05 10:48:43 CEST 2001> <Init> Init started. [pid: 1]
Wed Sep 05 10:48:43 CEST 2001> <Init> Init completed succesfully.
Wed Sep 05 10:48:43 CEST 2001> <DBConnection> starting...
Wed Sep 05 10:48:43 CEST 2001> <DBConnection> Connected to DB
Wed Sep 05 10:48:43 CEST 2001> <DBConnection> started. [pid: 2]
Wed Sep 05 10:58:13 CEST 2001> <Kernel> Kernel loaded.
Wed Sep 05 10:58:13 CEST 2001> <Kernel> starting init...
Wed Sep 05 10:58:13 CEST 2001> <Init> Init started. [pid: 1]
Wed Sep 05 10:58:13 CEST 2001> <Init> Init completed succesfully.
Wed Sep 05 10:58:13 CEST 2001> <DBConnection> starting...
Wed Sep 05 10:58:13 CEST 2001> <DBConnection> Connected to DB
Wed Sep 05 10:58:13 CEST 2001> <DBConnection> DB Operations interface set to: SQL
Wed Sep 05 10:58:13 CEST 2001> <DBConnection> started. [pid: 2]
Wed Sep 05 10:59:14 CEST 2001> <Kernel> Kernel loaded.
Wed Sep 05 10:59:14 CEST 2001> <Kernel> starting init...
Wed Sep 05 10:59:14 CEST 2001> <Init> Init started. [pid: 1]
Wed Sep 05 10:59:14 CEST 2001> <Init> Init completed succesfully.
Wed Sep 05 10:59:14 CEST 2001> <DBConnection> starting...
Wed Sep 05 10:59:15 CEST 2001> <DBConnection> Connected to DB
Wed Sep 05 10:59:15 CEST 2001> <DBConnection> DB Operations interface set to: SQL
Wed Sep 05 10:59:15 CEST 2001> <DBOperationsSQL> SQL SELECT successful: select * from personas
Wed Sep 05 10:59:15 CEST 2001> <DBConnection> started. [pid: 2]
Wed Sep 05 11:04:40 CEST 2001> <Kernel> Kernel loaded.
Wed Sep 05 11:04:40 CEST 2001> <Kernel> starting init...
Wed Sep 05 11:04:40 CEST 2001> <Init> Init started. [pid: 1]
Wed Sep 05 11:04:40 CEST 2001> <Init> Init completed succesfully.
Wed Sep 05 11:04:40 CEST 2001> <DBConnection> starting...
Wed Sep 05 11:04:40 CEST 2001> <DBConnection> Connected to DB
Wed Sep 05 11:04:40 CEST 2001> <DBConnection> DB Operations interface set to: SQL
Wed Sep 05 11:04:40 CEST 2001> <DBConnection> started. [pid: 2]
Wed Sep 05 11:04:59 CEST 2001> <Kernel> Kernel loaded.
Wed Sep 05 11:05:00 CEST 2001> <Kernel> starting init...
Wed Sep 05 11:05:00 CEST 2001> <Init> Init started. [pid: 1]
Wed Sep 05 11:05:00 CEST 2001> <Init> Init completed succesfully.
Wed Sep 05 11:05:00 CEST 2001> <DBConnection> starting...
Wed Sep 05 11:05:00 CEST 2001> <DBConnection> Connected to DB
Wed Sep 05 11:05:00 CEST 2001> <DBConnection> DB Operations interface set to: SQL
Wed Sep 05 11:05:00 CEST 2001> Columns: 3
Wed Sep 05 11:05:00 CEST 2001> <DBOperationsSQL> SQL SELECT successful: select * from personas
Wed Sep 05 11:05:00 CEST 2001> <DBConnection> started. [pid: 2]
Wed Sep 05 11:06:58 CEST 2001> <Kernel> Kernel loaded.
Wed Sep 05 11:06:59 CEST 2001> <Kernel> starting init...
Wed Sep 05 11:06:59 CEST 2001> <Init> Init started. [pid: 1]
Wed Sep 05 11:06:59 CEST 2001> <Init> Init completed succesfully.
Wed Sep 05 11:06:59 CEST 2001> <DBConnection> starting...
Wed Sep 05 11:06:59 CEST 2001> <DBConnection> Connected to DB
Wed Sep 05 11:06:59 CEST 2001> <DBConnection> DB Operations interface set to: SQL
Wed Sep 05 11:06:59 CEST 2001> Columns: 3
Wed Sep 05 11:06:59 CEST 2001> <DBOperationsSQL> Error on sql select: select * from personas .Message:[Microsoft][Administrador de controladores ODBC] Índice de descriptor no válido
Wed Sep 05 11:06:59 CEST 2001> <DBConnection> started. [pid: 2]
Wed Sep 05 11:07:25 CEST 2001> <Kernel> Kernel loaded.
Wed Sep 05 11:07:25 CEST 2001> <Kernel> starting init...
Wed Sep 05 11:07:25 CEST 2001> <Init> Init started. [pid: 1]
Wed Sep 05 11:07:26 CEST 2001> <Init> Init completed succesfully.
Wed Sep 05 11:07:26 CEST 2001> <DBConnection> starting...
Wed Sep 05 11:07:26 CEST 2001> <DBConnection> Connected to DB
Wed Sep 05 11:07:26 CEST 2001> <DBConnection> DB Operations interface set to: SQL
Wed Sep 05 11:07:26 CEST 2001> Columns: 3
Wed Sep 05 11:07:26 CEST 2001> <DBOperationsSQL> Error on sql select: select * from personas .Message:[Microsoft][Administrador de controladores ODBC] Índice de descriptor no válido
Wed Sep 05 11:07:26 CEST 2001> <DBConnection> started. [pid: 2]
Wed Sep 05 11:08:02 CEST 2001> <Kernel> Kernel loaded.
Wed Sep 05 11:08:02 CEST 2001> <Kernel> starting init...
Wed Sep 05 11:08:02 CEST 2001> <Init> Init started. [pid: 1]
Wed Sep 05 11:08:02 CEST 2001> <Init> Init completed succesfully.
Wed Sep 05 11:08:03 CEST 2001> <DBConnection> starting...
Wed Sep 05 11:08:03 CEST 2001> <DBConnection> Connected to DB
Wed Sep 05 11:08:03 CEST 2001> <DBConnection> DB Operations interface set to: SQL
Wed Sep 05 11:08:03 CEST 2001> Columns: 3
Wed Sep 05 11:08:03 CEST 2001> 1.Column: id - id
Wed Sep 05 11:08:03 CEST 2001> 2.Column: nombre - nombre
Wed Sep 05 11:08:03 CEST 2001> 3.Column: poblacion - poblacion
Wed Sep 05 11:08:03 CEST 2001> <DBOperationsSQL> SQL SELECT successful: select * from personas
Wed Sep 05 11:08:03 CEST 2001> <DBConnection> started. [pid: 2]
Wed Sep 05 11:13:26 CEST 2001> <Kernel> Kernel loaded.
Wed Sep 05 11:13:26 CEST 2001> <Kernel> starting init...
Wed Sep 05 11:13:26 CEST 2001> <Init> Init started. [pid: 1]
Wed Sep 05 11:13:26 CEST 2001> <Init> Init completed succesfully.
Wed Sep 05 11:13:26 CEST 2001> <DBConnection> starting...
Wed Sep 05 11:13:26 CEST 2001> <DBConnection> Connected to DB
Wed Sep 05 11:13:26 CEST 2001> <DBConnection> DB Operations interface set to: SQL
Wed Sep 05 11:13:26 CEST 2001> Columns: 3
Wed Sep 05 11:13:26 CEST 2001> 1.Column: id - id java.lang.Integer
Wed Sep 05 11:13:26 CEST 2001> 2.Column: nombre - nombre java.lang.String
Wed Sep 05 11:13:26 CEST 2001> 3.Column: poblacion - poblacion java.lang.String
Wed Sep 05 11:13:26 CEST 2001> <DBOperationsSQL> SQL SELECT successful: select * from personas
Wed Sep 05 11:13:26 CEST 2001> <DBConnection> started. [pid: 2]
Wed Sep 05 11:19:41 CEST 2001> <Kernel> Kernel loaded.
Wed Sep 05 11:19:41 CEST 2001> <Kernel> starting init...
Wed Sep 05 11:19:41 CEST 2001> <Init> Init started. [pid: 1]
Wed Sep 05 11:19:41 CEST 2001> <Init> Init completed succesfully.
Wed Sep 05 11:19:41 CEST 2001> <DBConnection> starting...
Wed Sep 05 11:19:41 CEST 2001> <DBConnection> Connected to DB
Wed Sep 05 11:19:41 CEST 2001> <DBConnection> DB Operations interface set to: SQL
Wed Sep 05 11:19:41 CEST 2001> <DBOperationsSQL> Error on sql select: select * from personas .Message:[Microsoft][Administrador de controladores ODBC] Índice de descriptor no válido
Wed Sep 05 11:19:41 CEST 2001> <DBConnection> started. [pid: 2]
Wed Sep 05 11:20:00 CEST 2001> <Kernel> Kernel loaded.
Wed Sep 05 11:20:00 CEST 2001> <Kernel> starting init...
Wed Sep 05 11:20:00 CEST 2001> <Init> Init started. [pid: 1]
Wed Sep 05 11:20:00 CEST 2001> <Init> Init completed succesfully.
Wed Sep 05 11:20:00 CEST 2001> <DBConnection> starting...
Wed Sep 05 11:20:00 CEST 2001> <DBConnection> Connected to DB
Wed Sep 05 11:20:00 CEST 2001> <DBConnection> DB Operations interface set to: SQL
Wed Sep 05 11:20:00 CEST 2001> Mapping complete: {nombre=Antonio, id=3}
Wed Sep 05 11:20:00 CEST 2001> <DBOperationsSQL> SQL SELECT successful: select * from personas
Wed Sep 05 11:20:00 CEST 2001> <DBConnection> started. [pid: 2]
Wed Sep 05 11:20:32 CEST 2001> <Kernel> Kernel loaded.
Wed Sep 05 11:20:32 CEST 2001> <Kernel> starting init...
Wed Sep 05 11:20:32 CEST 2001> <Init> Init started. [pid: 1]
Wed Sep 05 11:20:32 CEST 2001> <Init> Init completed succesfully.
Wed Sep 05 11:20:32 CEST 2001> <DBConnection> starting...
Wed Sep 05 11:20:32 CEST 2001> <DBConnection> Connected to DB
Wed Sep 05 11:20:32 CEST 2001> <DBConnection> DB Operations interface set to: SQL
Wed Sep 05 11:20:32 CEST 2001> Mapping complete: {poblacion=Valladolid, nombre=Antonio, id=3}
Wed Sep 05 11:20:32 CEST 2001> <DBOperationsSQL> SQL SELECT successful: select * from personas
Wed Sep 05 11:20:32 CEST 2001> <DBConnection> started. [pid: 2]
Wed Sep 05 11:21:14 CEST 2001> <Kernel> Kernel loaded.
Wed Sep 05 11:21:14 CEST 2001> <Kernel> starting init...
Wed Sep 05 11:21:14 CEST 2001> <Init> Init started. [pid: 1]
Wed Sep 05 11:21:14 CEST 2001> <Init> Init completed succesfully.
Wed Sep 05 11:21:14 CEST 2001> <DBConnection> starting...
Wed Sep 05 11:21:15 CEST 2001> <DBConnection> Connected to DB
Wed Sep 05 11:21:15 CEST 2001> <DBConnection> DB Operations interface set to: SQL
Wed Sep 05 11:21:15 CEST 2001> Mapping complete: {poblacion=Valladolid, nombre=Antonio, id=3}
Wed Sep 05 11:21:15 CEST 2001> <DBOperationsSQL> SQL SELECT successful: select * from personas
Wed Sep 05 11:21:15 CEST 2001> <DBConnection> started. [pid: 2]
Wed Sep 05 11:27:15 CEST 2001> <Kernel> Kernel loaded.
Wed Sep 05 11:27:15 CEST 2001> <Kernel> starting init...
Wed Sep 05 11:27:15 CEST 2001> <Init> Init started. [pid: 1]
Wed Sep 05 11:27:15 CEST 2001> <Init> Init completed succesfully.
Wed Sep 05 11:27:15 CEST 2001> <DBConnection> starting...
Wed Sep 05 11:27:16 CEST 2001> <DBConnection> Connected to DB
Wed Sep 05 11:27:16 CEST 2001> <DBConnection> DB Operations interface set to: SQL
Wed Sep 05 11:27:16 CEST 2001> <DBOperationsSQL> Error on sql select: select * from personas .Message:[Microsoft][Administrador de controladores ODBC] Índice de descriptor no válido
Wed Sep 05 11:27:16 CEST 2001> <DBConnection> started. [pid: 2]
Wed Sep 05 11:27:33 CEST 2001> <Kernel> Kernel loaded.
Wed Sep 05 11:27:33 CEST 2001> <Kernel> starting init...
Wed Sep 05 11:27:33 CEST 2001> <Init> Init started. [pid: 1]
Wed Sep 05 11:27:33 CEST 2001> <Init> Init completed succesfully.
Wed Sep 05 11:27:33 CEST 2001> <DBConnection> starting...
Wed Sep 05 11:27:34 CEST 2001> <DBConnection> Connected to DB
Wed Sep 05 11:27:34 CEST 2001> <DBConnection> DB Operations interface set to: SQL
Wed Sep 05 11:27:34 CEST 2001> Mapping complete: {poblacion=[San Sebastian, Madriz, Valladolid], nombre=[Pedro, Beatriz, Antonio], id=[0, 1, 3]}
Wed Sep 05 11:27:34 CEST 2001> <DBOperationsSQL> SQL SELECT successful: select * from personas
Wed Sep 05 11:27:34 CEST 2001> <DBConnection> started. [pid: 2]
Wed Sep 05 11:29:04 CEST 2001> <Kernel> Kernel loaded.
Wed Sep 05 11:29:04 CEST 2001> <Kernel> starting init...
Wed Sep 05 11:29:04 CEST 2001> <Init> Init started. [pid: 1]
Wed Sep 05 11:29:04 CEST 2001> <Init> Init completed succesfully.
Wed Sep 05 11:29:04 CEST 2001> <DBConnection> starting...
Wed Sep 05 11:29:04 CEST 2001> <DBConnection> Connected to DB
Wed Sep 05 11:29:04 CEST 2001> <DBConnection> DB Operations interface set to: SQL
Wed Sep 05 11:29:04 CEST 2001> SQL ResultSet to generic ResultSet Mapping complete.
Wed Sep 05 11:29:04 CEST 2001> <DBOperationsSQL> SQL SELECT successful: select * from personas
Wed Sep 05 11:29:04 CEST 2001> <DBConnection> started. [pid: 2]
Wed Sep 05 11:29:25 CEST 2001> <Kernel> Kernel loaded.
Wed Sep 05 11:29:25 CEST 2001> <Kernel> starting init...
Wed Sep 05 11:29:25 CEST 2001> <Init> Init started. [pid: 1]
Wed Sep 05 11:29:25 CEST 2001> <Init> Init completed succesfully.
Wed Sep 05 11:29:25 CEST 2001> <DBConnection> starting...
Wed Sep 05 11:29:26 CEST 2001> <DBConnection> Connected to DB
Wed Sep 05 11:29:26 CEST 2001> <DBConnection> DB Operations interface set to: SQL
Wed Sep 05 11:29:26 CEST 2001> SQL ResultSet to generic ResultSet Mapping complete.{poblacion=[San Sebastian, Madriz, Valladolid], nombre=[Pedro, Beatriz, Antonio], id=[0, 1, 3]}
Wed Sep 05 11:29:26 CEST 2001> <DBOperationsSQL> SQL SELECT successful: select * from personas
Wed Sep 05 11:29:26 CEST 2001> <DBConnection> started. [pid: 2]
Wed Sep 05 11:30:06 CEST 2001> <Kernel> Kernel loaded.
Wed Sep 05 11:30:06 CEST 2001> <Kernel> starting init...
Wed Sep 05 11:30:06 CEST 2001> <Init> Init started. [pid: 1]
Wed Sep 05 11:30:06 CEST 2001> <Init> Init completed succesfully.
Wed Sep 05 11:30:06 CEST 2001> <DBConnection> starting...
Wed Sep 05 11:30:06 CEST 2001> <DBConnection> Connected to DB
Wed Sep 05 11:30:06 CEST 2001> <DBConnection> DB Operations interface set to: SQL
Wed Sep 05 11:30:06 CEST 2001> <DBOperationsSQL> SQL SELECT successful: select * from personas
Wed Sep 05 11:30:06 CEST 2001> <DBConnection> started. [pid: 2]
Wed Sep 05 11:31:41 CEST 2001> <Kernel> Kernel loaded.
Wed Sep 05 11:31:41 CEST 2001> <Kernel> starting init...
Wed Sep 05 11:31:41 CEST 2001> <Init> Init started. [pid: 1]
Wed Sep 05 11:31:41 CEST 2001> <Init> Init completed succesfully.
Wed Sep 05 11:31:41 CEST 2001> <DBConnection> starting...
Wed Sep 05 11:31:41 CEST 2001> <DBConnection> Connected to DB
Wed Sep 05 11:31:41 CEST 2001> <DBConnection> DB Operations interface set to: SQL
Wed Sep 05 11:31:41 CEST 2001> <DBConnection> started. [pid: 2]
Wed Sep 05 11:38:42 CEST 2001> <Kernel> Kernel loaded.
Wed Sep 05 11:38:42 CEST 2001> <Kernel> starting init...
Wed Sep 05 11:38:42 CEST 2001> <Init> Init started. [pid: 1]
Wed Sep 05 11:38:42 CEST 2001> <Init> Init completed succesfully.
Wed Sep 05 11:38:42 CEST 2001> <DBConnection> starting...
Wed Sep 05 11:38:42 CEST 2001> <DBConnection> Connected to DB
Wed Sep 05 11:38:42 CEST 2001> <DBConnection> DB Operations interface set to: SQL
Wed Sep 05 11:38:42 CEST 2001> <DBConnection> started. [pid: 2]
Thu Sep 06 08:19:06 CEST 2001> <Kernel> Kernel loaded.
Thu Sep 06 08:19:06 CEST 2001> <Kernel> starting init...
Thu Sep 06 08:19:06 CEST 2001> <Init> Init started. [pid: 1]
Thu Sep 06 08:19:06 CEST 2001> <Init> Init completed succesfully.
Thu Sep 06 08:19:06 CEST 2001> <DBConnection> starting...
Thu Sep 06 08:19:07 CEST 2001> <DBConnection> Connected to DB
Thu Sep 06 08:19:07 CEST 2001> <DBConnection> DB Operations interface set to: SQL
Thu Sep 06 08:19:07 CEST 2001> <DBConnection> started. [pid: 2]
Wed Sep 12 11:35:06 CEST 2001> <Kernel> Kernel loaded.
Wed Sep 12 11:35:07 CEST 2001> <Kernel> starting init...
Wed Sep 12 11:35:07 CEST 2001> <Init> Init started. [pid: 1]
Wed Sep 12 11:35:07 CEST 2001> <Init> Init completed succesfully.
Wed Sep 12 11:35:07 CEST 2001> <DBConnection> starting...
Wed Sep 12 11:35:07 CEST 2001> <DBConnection> Can't connect to DB
Wed Sep 12 11:35:07 CEST 2001> <DBConnection> DB Operations interface set to: SQL
Wed Sep 12 11:35:07 CEST 2001> <DBConnection> started. [pid: 2]
Fri Sep 14 13:16:46 CEST 2001> <Kernel> Kernel loaded.
Fri Sep 14 13:16:46 CEST 2001> <Kernel> starting init...
Fri Sep 14 13:16:46 CEST 2001> <Init> Init started. [pid: 1]
Fri Sep 14 13:16:46 CEST 2001> <Init> Init completed succesfully.
Fri Sep 14 13:16:47 CEST 2001> <DBConnection> starting...
Fri Sep 14 13:16:47 CEST 2001> <DBConnection> Can't connect to DB
Fri Sep 14 13:16:47 CEST 2001> <DBConnection> DB Operations interface set to: SQL
Fri Sep 14 13:16:47 CEST 2001> <DBConnection> started. [pid: 2]
Mon Sep 17 09:53:37 CEST 2001> <Kernel> Kernel loaded.
Mon Sep 17 09:53:37 CEST 2001> <Kernel> starting init...
Mon Sep 17 09:53:37 CEST 2001> <Init> Init started. [pid: 1]
Mon Sep 17 09:53:37 CEST 2001> <Init> Init completed succesfully.
Mon Sep 17 09:53:37 CEST 2001> <DBConnection> starting...
Mon Sep 17 09:53:37 CEST 2001> <DBConnection> Can't connect to DB
Mon Sep 17 09:53:37 CEST 2001> <DBConnection> DB Operations interface set to: SQL
Mon Sep 17 09:53:37 CEST 2001> <DBConnection> started. [pid: 2]
Mon Sep 17 11:47:28 CEST 2001> <Kernel> Kernel loaded.
Mon Sep 17 11:47:28 CEST 2001> <Kernel> starting init...
Mon Sep 17 11:47:28 CEST 2001> <Init> Init started. [pid: 1]
Mon Sep 17 11:47:28 CEST 2001> <Init> Init completed succesfully.
Mon Sep 17 11:47:28 CEST 2001> <DBConnection> starting...
Mon Sep 17 11:47:28 CEST 2001> <DBConnection> Can't connect to DB
Mon Sep 17 11:47:28 CEST 2001> <DBConnection> DB Operations interface set to: SQL
Mon Sep 17 11:47:28 CEST 2001> <DBConnection> started. [pid: 2]
Mon Sep 17 13:02:39 CEST 2001> <Kernel> Kernel loaded.
Mon Sep 17 13:02:39 CEST 2001> <Kernel> starting init...
Mon Sep 17 13:02:39 CEST 2001> <Init> Init started. [pid: 1]
Mon Sep 17 13:02:39 CEST 2001> <Init> Init completed succesfully.
Mon Sep 17 13:02:39 CEST 2001> <DBConnection> starting...
Mon Sep 17 13:02:39 CEST 2001> <DBConnection> Can't connect to DB
Mon Sep 17 13:02:39 CEST 2001> <DBConnection> DB Operations interface set to: SQL
Mon Sep 17 13:02:39 CEST 2001> <DBConnection> started. [pid: 2]
Mon Sep 17 14:44:07 CEST 2001> <Kernel> Kernel loaded.
Mon Sep 17 14:44:07 CEST 2001> <Kernel> starting init...
Mon Sep 17 14:44:07 CEST 2001> <Init> Init started. [pid: 1]
Mon Sep 17 14:44:07 CEST 2001> <Init> Init completed succesfully.
Mon Sep 17 14:44:07 CEST 2001> <DBConnection> starting...
Mon Sep 17 14:44:07 CEST 2001> <DBConnection> Can't connect to DB
Mon Sep 17 14:44:07 CEST 2001> <DBConnection> DB Operations interface set to: SQL
Mon Sep 17 14:44:07 CEST 2001> <DBConnection> started. [pid: 2]
Mon Sep 17 14:44:48 CEST 2001> <Kernel> Kernel loaded.
Mon Sep 17 14:44:49 CEST 2001> <Kernel> starting init...
Mon Sep 17 14:44:49 CEST 2001> <Init> Init started. [pid: 1]
Mon Sep 17 14:44:49 CEST 2001> <Init> Init completed succesfully.
Mon Sep 17 14:44:49 CEST 2001> <DBConnection> starting...
Mon Sep 17 14:44:49 CEST 2001> <DBConnection> Can't connect to DB
Mon Sep 17 14:44:49 CEST 2001> <DBConnection> DB Operations interface set to: SQL
Mon Sep 17 14:44:49 CEST 2001> <DBConnection> started. [pid: 2]
Mon Sep 17 14:51:01 CEST 2001> <Kernel> Kernel loaded.
Mon Sep 17 14:51:01 CEST 2001> <Kernel> starting init...
Mon Sep 17 14:51:01 CEST 2001> <Init> Init started. [pid: 1]
Mon Sep 17 14:51:01 CEST 2001> <Init> Init completed succesfully.
Mon Sep 17 14:51:01 CEST 2001> Init pedro.xml parsing.
Mon Sep 17 14:51:01 CEST 2001> <SystemXMLReader> File not found.pedro.xml (El sistema no puede hallar el archivo especificado)
Mon Sep 17 14:51:01 CEST 2001> <DBConnection> starting...
Mon Sep 17 14:51:01 CEST 2001> <DBConnection> Can't connect to DB
Mon Sep 17 14:51:01 CEST 2001> <DBConnection> DB Operations interface set to: SQL
Mon Sep 17 14:51:01 CEST 2001> <DBConnection> started. [pid: 2]
Mon Sep 17 14:51:31 CEST 2001> <Kernel> Kernel loaded.
Mon Sep 17 14:51:31 CEST 2001> <Kernel> starting init...
Mon Sep 17 14:51:31 CEST 2001> <Init> Init started. [pid: 1]
Mon Sep 17 14:51:31 CEST 2001> <Init> Init completed succesfully.
Mon Sep 17 14:51:31 CEST 2001> Init c:/pedro.xml parsing.
Mon Sep 17 14:51:31 CEST 2001> <SystemXMLReader> Exception SAX.com.sun.xml.parser/P-001 3c
Mon Sep 17 14:51:31 CEST 2001> <DBConnection> starting...
Mon Sep 17 14:51:31 CEST 2001> <DBConnection> Can't connect to DB
Mon Sep 17 14:51:31 CEST 2001> <DBConnection> DB Operations interface set to: SQL
Mon Sep 17 14:51:31 CEST 2001> <DBConnection> started. [pid: 2]
Mon Sep 17 14:54:31 CEST 2001> <Kernel> Kernel loaded.
Mon Sep 17 14:54:31 CEST 2001> <Kernel> starting init...
Mon Sep 17 14:54:31 CEST 2001> <Init> Init started. [pid: 1]
Mon Sep 17 14:54:31 CEST 2001> <Init> Init completed succesfully.
Mon Sep 17 14:54:31 CEST 2001> Init c:/pedro.xml parsing.
Mon Sep 17 14:54:31 CEST 2001> <SystemXMLReader> Exception SAX.com.sun.xml.parser/P-055 C:\pedro.dtd
Mon Sep 17 14:54:31 CEST 2001> <DBConnection> starting...
Mon Sep 17 14:54:31 CEST 2001> <DBConnection> Can't connect to DB
Mon Sep 17 14:54:31 CEST 2001> <DBConnection> DB Operations interface set to: SQL
Mon Sep 17 14:54:31 CEST 2001> <DBConnection> started. [pid: 2]
Mon Sep 17 14:54:56 CEST 2001> <Kernel> Kernel loaded.
Mon Sep 17 14:54:56 CEST 2001> <Kernel> starting init...
Mon Sep 17 14:54:56 CEST 2001> <Init> Init started. [pid: 1]
Mon Sep 17 14:54:56 CEST 2001> <Init> Init completed succesfully.
Mon Sep 17 14:54:56 CEST 2001> Init c:/pedro.xml parsing.
Mon Sep 17 14:54:56 CEST 2001> <DBConnection> starting...
Mon Sep 17 14:54:56 CEST 2001> <DBConnection> Can't connect to DB
Mon Sep 17 14:54:56 CEST 2001> <DBConnection> DB Operations interface set to: SQL
Mon Sep 17 14:54:56 CEST 2001> <DBConnection> started. [pid: 2]
Mon Sep 17 14:54:56 CEST 2001> <SystemXMLReader> Exception SAX.com.sun.xml.parser/P-055 C:\pedro.dtd
Mon Sep 17 14:55:23 CEST 2001> <Kernel> Kernel loaded.
Mon Sep 17 14:55:23 CEST 2001> <Kernel> starting init...
Mon Sep 17 14:55:23 CEST 2001> <Init> Init started. [pid: 1]
Mon Sep 17 14:55:23 CEST 2001> <Init> Init completed succesfully.
Mon Sep 17 14:55:23 CEST 2001> Init c:/pedro.xml parsing.
Mon Sep 17 14:55:23 CEST 2001> <DBConnection> starting...
Mon Sep 17 14:55:23 CEST 2001> <DBConnection> Can't connect to DB
Mon Sep 17 14:55:23 CEST 2001> <DBConnection> DB Operations interface set to: SQL
Mon Sep 17 14:55:23 CEST 2001> <DBConnection> started. [pid: 2]
Mon Sep 17 14:55:23 CEST 2001> <SystemXMLReader> Exception SAX.com.sun.xml.parser/P-082 C:/pedro.dtd
Mon Sep 17 14:58:49 CEST 2001> <Kernel> Kernel loaded.
Mon Sep 17 14:58:49 CEST 2001> <Kernel> starting init...
Mon Sep 17 14:58:49 CEST 2001> <Init> Init started. [pid: 1]
Mon Sep 17 14:58:49 CEST 2001> <Init> Init completed succesfully.
Mon Sep 17 14:58:49 CEST 2001> <SystemXMLReader> Init c:/pedro.xml parsing.
Mon Sep 17 14:58:49 CEST 2001> <SystemXMLReader> Exception SAX.com.sun.xml.parser/P-082 C:/pedro.dtd
Mon Sep 17 14:58:49 CEST 2001> <DBConnection> starting...
Mon Sep 17 14:58:49 CEST 2001> <DBConnection> Can't connect to DB
Mon Sep 17 14:58:49 CEST 2001> <DBConnection> DB Operations interface set to: SQL
Mon Sep 17 14:58:49 CEST 2001> <DBConnection> started. [pid: 2]
Mon Sep 17 15:00:26 CEST 2001> <Kernel> Kernel loaded.
Mon Sep 17 15:00:26 CEST 2001> <Kernel> starting init...
Mon Sep 17 15:00:26 CEST 2001> <Init> Init started. [pid: 1]
Mon Sep 17 15:00:26 CEST 2001> <Init> Init completed succesfully.
Mon Sep 17 15:00:26 CEST 2001> <SystemXMLReader> Init c:/pedro.xml parsing.
Mon Sep 17 15:00:26 CEST 2001> <DBConnection> starting...
Mon Sep 17 15:00:26 CEST 2001> <DBConnection> Can't connect to DB
Mon Sep 17 15:00:26 CEST 2001> <DBConnection> DB Operations interface set to: SQL
Mon Sep 17 15:00:27 CEST 2001> <DBConnection> started. [pid: 2]
Mon Sep 17 15:00:27 CEST 2001> <SystemXMLReader> Exception SAX.com.sun.xml.parser/P-082 C:/pedro.dtd
Mon Sep 17 16:17:55 CEST 2001> <Kernel> Kernel loaded.
Mon Sep 17 16:17:55 CEST 2001> <Kernel> starting init...
Mon Sep 17 16:17:55 CEST 2001> <Init> Init started. [pid: 1]
Mon Sep 17 16:17:55 CEST 2001> <Init> Init completed succesfully.
Mon Sep 17 16:17:55 CEST 2001> <SystemXMLReader> Init c:/pedro.xml parsing.
Mon Sep 17 16:17:55 CEST 2001> <DBConnection> starting...
Mon Sep 17 16:17:55 CEST 2001> <DBConnection> Can't connect to DB
Mon Sep 17 16:17:55 CEST 2001> <DBConnection> DB Operations interface set to: SQL
Mon Sep 17 16:17:55 CEST 2001> <DBConnection> started. [pid: 2]
Mon Sep 17 16:17:55 CEST 2001> <SystemXMLReader> parsed.
Mon Sep 17 16:17:55 CEST 2001> <SystemXMLReader> Exception. null
Mon Sep 17 16:19:05 CEST 2001> <Kernel> Kernel loaded.
Mon Sep 17 16:19:05 CEST 2001> <Kernel> starting init...
Mon Sep 17 16:19:05 CEST 2001> <Init> Init started. [pid: 1]
Mon Sep 17 16:19:05 CEST 2001> <Init> Init completed succesfully.
Mon Sep 17 16:19:05 CEST 2001> <SystemXMLReader> Init c:/pedro.xml parsing.
Mon Sep 17 16:19:05 CEST 2001> <DBConnection> starting...
Mon Sep 17 16:19:05 CEST 2001> <DBConnection> Can't connect to DB
Mon Sep 17 16:19:05 CEST 2001> <DBConnection> DB Operations interface set to: SQL
Mon Sep 17 16:19:05 CEST 2001> <DBConnection> started. [pid: 2]
Mon Sep 17 16:19:05 CEST 2001> <SystemXMLReader> parsed.
Mon Sep 17 16:19:05 CEST 2001> <SystemXMLReader> Document get.
Mon Sep 17 16:19:05 CEST 2001> <SystemXMLReader> Exception. null
Mon Sep 17 16:19:49 CEST 2001> <Kernel> Kernel loaded.
Mon Sep 17 16:19:50 CEST 2001> <Kernel> starting init...
Mon Sep 17 16:19:50 CEST 2001> <Init> Init started. [pid: 1]
Mon Sep 17 16:19:50 CEST 2001> <Init> Init completed succesfully.
Mon Sep 17 16:19:50 CEST 2001> <SystemXMLReader> Init c:/pedro.xml parsing.
Mon Sep 17 16:19:50 CEST 2001> <SystemXMLReader> parsed.
Mon Sep 17 16:19:50 CEST 2001> <SystemXMLReader> Document get elements: com.sun.xml.tree.ParentNode$TagList@59dc39
Mon Sep 17 16:19:50 CEST 2001> <SystemXMLReader> Exception. null
Mon Sep 17 16:19:50 CEST 2001> <DBConnection> starting...
Mon Sep 17 16:19:50 CEST 2001> <DBConnection> Can't connect to DB
Mon Sep 17 16:19:50 CEST 2001> <DBConnection> DB Operations interface set to: SQL
Mon Sep 17 16:19:50 CEST 2001> <DBConnection> started. [pid: 2]
Mon Sep 17 16:20:33 CEST 2001> <Kernel> Kernel loaded.
Mon Sep 17 16:20:33 CEST 2001> <Kernel> starting init...
Mon Sep 17 16:20:33 CEST 2001> <Init> Init started. [pid: 1]
Mon Sep 17 16:20:33 CEST 2001> <Init> Init completed succesfully.
Mon Sep 17 16:20:33 CEST 2001> <SystemXMLReader> Init c:/pedro.xml parsing.
Mon Sep 17 16:20:33 CEST 2001> <DBConnection> starting...
Mon Sep 17 16:20:33 CEST 2001> <DBConnection> Can't connect to DB
Mon Sep 17 16:20:33 CEST 2001> <DBConnection> DB Operations interface set to: SQL
Mon Sep 17 16:20:33 CEST 2001> <DBConnection> started. [pid: 2]
Mon Sep 17 16:20:33 CEST 2001> <SystemXMLReader> parsed.
Mon Sep 17 16:20:33 CEST 2001> <SystemXMLReader> Document get elements: com.sun.xml.tree.ParentNode$TagList@67d940
Mon Sep 17 16:20:33 CEST 2001> <SystemXMLReader> Exception. null
Mon Sep 17 16:21:10 CEST 2001> <Kernel> Kernel loaded.
Mon Sep 17 16:21:10 CEST 2001> <Kernel> starting init...
Mon Sep 17 16:21:10 CEST 2001> <Init> Init started. [pid: 1]
Mon Sep 17 16:21:10 CEST 2001> <Init> Init completed succesfully.
Mon Sep 17 16:21:10 CEST 2001> <SystemXMLReader> Init c:/pedro.xml parsing.
Mon Sep 17 16:21:10 CEST 2001> <DBConnection> starting...
Mon Sep 17 16:21:10 CEST 2001> <DBConnection> Can't connect to DB
Mon Sep 17 16:21:10 CEST 2001> <DBConnection> DB Operations interface set to: SQL
Mon Sep 17 16:21:10 CEST 2001> <DBConnection> started. [pid: 2]
Mon Sep 17 16:21:10 CEST 2001> <SystemXMLReader> parsed.
Mon Sep 17 16:21:10 CEST 2001> <SystemXMLReader> Exception. null
Mon Sep 17 16:22:37 CEST 2001> <Kernel> Kernel loaded.
Mon Sep 17 16:22:37 CEST 2001> <Kernel> starting init...
Mon Sep 17 16:22:37 CEST 2001> <Init> Init started. [pid: 1]
Mon Sep 17 16:22:37 CEST 2001> <Init> Init completed succesfully.
Mon Sep 17 16:22:37 CEST 2001> Element: PERSONA
Mon Sep 17 16:22:37 CEST 2001> <SystemXMLReader> Init c:/pedro.xml parsing.
Mon Sep 17 16:22:37 CEST 2001> <SystemXMLReader> parsed.
Mon Sep 17 16:22:37 CEST 2001> <SystemXMLReader> Exception. null
Mon Sep 17 16:22:37 CEST 2001> <DBConnection> starting...
Mon Sep 17 16:22:37 CEST 2001> <DBConnection> Can't connect to DB
Mon Sep 17 16:22:37 CEST 2001> <DBConnection> DB Operations interface set to: SQL
Mon Sep 17 16:22:37 CEST 2001> <DBConnection> started. [pid: 2]
Mon Sep 17 16:23:48 CEST 2001> <Kernel> Kernel loaded.
Mon Sep 17 16:23:48 CEST 2001> <Kernel> starting init...
Mon Sep 17 16:23:48 CEST 2001> <Init> Init started. [pid: 1]
Mon Sep 17 16:23:48 CEST 2001> <Init> Init completed succesfully.
Mon Sep 17 16:23:48 CEST 2001> <SystemXMLReader> Init c:/pedro.xml parsing.
Mon Sep 17 16:23:48 CEST 2001> <DBConnection> starting...
Mon Sep 17 16:23:48 CEST 2001> <DBConnection> Can't connect to DB
Mon Sep 17 16:23:48 CEST 2001> <DBConnection> DB Operations interface set to: SQL
Mon Sep 17 16:23:48 CEST 2001> <DBConnection> started. [pid: 2]
Mon Sep 17 16:23:48 CEST 2001> <SystemXMLReader> parsed.
Mon Sep 17 16:23:48 CEST 2001> <SystemXMLReader> Result {PERSONA=PERSONA}
Mon Sep 17 16:23:48 CEST 2001> Dump of hash: {PERSONA=PERSONA}
Mon Sep 17 16:27:18 CEST 2001> <Kernel> Kernel loaded.
Mon Sep 17 16:27:18 CEST 2001> <Kernel> starting init...
Mon Sep 17 16:27:18 CEST 2001> <Init> Init started. [pid: 1]
Mon Sep 17 16:27:18 CEST 2001> <Init> Init completed succesfully.
Mon Sep 17 16:27:18 CEST 2001> <SystemXMLReader> Init c:/pedro.xml parsing.
Mon Sep 17 16:27:18 CEST 2001> <DBConnection> starting...
Mon Sep 17 16:27:18 CEST 2001> <DBConnection> Can't connect to DB
Mon Sep 17 16:27:18 CEST 2001> <DBConnection> DB Operations interface set to: SQL
Mon Sep 17 16:27:18 CEST 2001> <DBConnection> started. [pid: 2]
Mon Sep 17 16:27:18 CEST 2001> <SystemXMLReader> parsed.
Mon Sep 17 16:27:18 CEST 2001> <SystemXMLReader> Result {PERSONA=PERSONA}
Mon Sep 17 16:27:18 CEST 2001> Dump of hash: {PERSONA=PERSONA}
Mon Sep 17 16:28:17 CEST 2001> <Kernel> Kernel loaded.
Mon Sep 17 16:28:17 CEST 2001> <Kernel> starting init...
Mon Sep 17 16:28:17 CEST 2001> <Init> Init started. [pid: 1]
Mon Sep 17 16:28:17 CEST 2001> <Init> Init completed succesfully.
Mon Sep 17 16:28:17 CEST 2001> <SystemXMLReader> Init c:/pedro.xml parsing.
Mon Sep 17 16:28:17 CEST 2001> <SystemXMLReader> parsed.
Mon Sep 17 16:28:17 CEST 2001> <SystemXMLReader> Exception. null
Mon Sep 17 16:28:17 CEST 2001> <DBConnection> starting...
Mon Sep 17 16:28:17 CEST 2001> <DBConnection> Can't connect to DB
Mon Sep 17 16:28:17 CEST 2001> <DBConnection> DB Operations interface set to: SQL
Mon Sep 17 16:28:17 CEST 2001> <DBConnection> started. [pid: 2]
Mon Sep 17 16:28:57 CEST 2001> <Kernel> Kernel loaded.
Mon Sep 17 16:28:57 CEST 2001> <Kernel> starting init...
Mon Sep 17 16:28:57 CEST 2001> <Init> Init started. [pid: 1]
Mon Sep 17 16:28:57 CEST 2001> <Init> Init completed succesfully.
Mon Sep 17 16:28:57 CEST 2001> <SystemXMLReader> Init c:/pedro.xml parsing.
Mon Sep 17 16:28:57 CEST 2001> <DBConnection> starting...
Mon Sep 17 16:28:57 CEST 2001> <DBConnection> Can't connect to DB
Mon Sep 17 16:28:57 CEST 2001> <DBConnection> DB Operations interface set to: SQL
Mon Sep 17 16:28:57 CEST 2001> <DBConnection> started. [pid: 2]
Mon Sep 17 16:28:57 CEST 2001> <SystemXMLReader> parsed.
Mon Sep 17 16:28:57 CEST 2001> <SystemXMLReader> Exception. null
Mon Sep 17 16:29:15 CEST 2001> <Kernel> Kernel loaded.
Mon Sep 17 16:29:15 CEST 2001> <Kernel> starting init...
Mon Sep 17 16:29:15 CEST 2001> <Init> Init started. [pid: 1]
Mon Sep 17 16:29:15 CEST 2001> <Init> Init completed succesfully.
Mon Sep 17 16:29:15 CEST 2001> <SystemXMLReader> Init c:/pedro.xml parsing.
Mon Sep 17 16:29:15 CEST 2001> <SystemXMLReader> parsed.
Mon Sep 17 16:29:15 CEST 2001> <SystemXMLReader> Exception. null
Mon Sep 17 16:29:15 CEST 2001> <DBConnection> starting...
Mon Sep 17 16:29:15 CEST 2001> <DBConnection> Can't connect to DB
Mon Sep 17 16:29:15 CEST 2001> <DBConnection> DB Operations interface set to: SQL
Mon Sep 17 16:29:15 CEST 2001> <DBConnection> started. [pid: 2]
Mon Sep 17 16:31:47 CEST 2001> <Kernel> Kernel loaded.
Mon Sep 17 16:31:47 CEST 2001> <Kernel> starting init...
Mon Sep 17 16:31:47 CEST 2001> <Init> Init started. [pid: 1]
Mon Sep 17 16:31:47 CEST 2001> <Init> Init completed succesfully.
Mon Sep 17 16:31:47 CEST 2001> <SystemXMLReader> Init c:/pedro.xml parsing.
Mon Sep 17 16:31:48 CEST 2001> <SystemXMLReader> parsed.
Mon Sep 17 16:31:48 CEST 2001> <SystemXMLReader> Result {PERSONA=<PERSONA nombre="Pedro" apellido="Alcazar" edad="18">Pedro</PERSONA>}
Mon Sep 17 16:31:48 CEST 2001> Dump of hash: {PERSONA=<PERSONA nombre="Pedro" apellido="Alcazar" edad="18">Pedro</PERSONA>}
Mon Sep 17 16:31:48 CEST 2001> <DBConnection> starting...
Mon Sep 17 16:31:48 CEST 2001> <DBConnection> Can't connect to DB
Mon Sep 17 16:31:48 CEST 2001> <DBConnection> DB Operations interface set to: SQL
Mon Sep 17 16:31:48 CEST 2001> <DBConnection> started. [pid: 2]
Mon Sep 17 16:33:03 CEST 2001> <Kernel> Kernel loaded.
Mon Sep 17 16:33:03 CEST 2001> <Kernel> starting init...
Mon Sep 17 16:33:03 CEST 2001> <Init> Init started. [pid: 1]
Mon Sep 17 16:33:03 CEST 2001> <Init> Init completed succesfully.
Mon Sep 17 16:33:03 CEST 2001> <SystemXMLReader> Init c:/pedro.xml parsing.
Mon Sep 17 16:33:04 CEST 2001> <SystemXMLReader> parsed.
Mon Sep 17 16:33:04 CEST 2001> <SystemXMLReader> Exception. null
Mon Sep 17 16:33:04 CEST 2001> <DBConnection> starting...
Mon Sep 17 16:33:04 CEST 2001> <DBConnection> Can't connect to DB
Mon Sep 17 16:33:04 CEST 2001> <DBConnection> DB Operations interface set to: SQL
Mon Sep 17 16:33:04 CEST 2001> <DBConnection> started. [pid: 2]
Mon Sep 17 16:39:56 CEST 2001> <Kernel> Kernel loaded.
Mon Sep 17 16:39:56 CEST 2001> <Kernel> starting init...
Mon Sep 17 16:39:56 CEST 2001> <Init> Init started. [pid: 1]
Mon Sep 17 16:39:56 CEST 2001> <Init> Init completed succesfully.
Mon Sep 17 16:39:56 CEST 2001> <SystemXMLReader> Init c:/pedro.xml parsing.
Mon Sep 17 16:39:56 CEST 2001> <SystemXMLReader> parsed.
Mon Sep 17 16:39:56 CEST 2001> <SystemXMLReader> Result {PERSONA=Pedro}
Mon Sep 17 16:39:56 CEST 2001> Dump of hash: {PERSONA=Pedro}
Mon Sep 17 16:39:57 CEST 2001> <DBConnection> starting...
Mon Sep 17 16:39:57 CEST 2001> <DBConnection> Can't connect to DB
Mon Sep 17 16:39:57 CEST 2001> <DBConnection> DB Operations interface set to: SQL
Mon Sep 17 16:39:57 CEST 2001> <DBConnection> started. [pid: 2]
Mon Sep 17 16:41:33 CEST 2001> <Kernel> Kernel loaded.
Mon Sep 17 16:41:33 CEST 2001> <Kernel> starting init...
Mon Sep 17 16:41:33 CEST 2001> <Init> Init started. [pid: 1]
Mon Sep 17 16:41:33 CEST 2001> <Init> Init completed succesfully.
Mon Sep 17 16:41:33 CEST 2001> <SystemXMLReader> Init c:/pedro.xml parsing.
Mon Sep 17 16:41:33 CEST 2001> <DBConnection> starting...
Mon Sep 17 16:41:33 CEST 2001> <DBConnection> Can't connect to DB
Mon Sep 17 16:41:33 CEST 2001> <DBConnection> DB Operations interface set to: SQL
Mon Sep 17 16:41:33 CEST 2001> <DBConnection> started. [pid: 2]
Mon Sep 17 16:41:33 CEST 2001> <SystemXMLReader> parsed.
Mon Sep 17 16:44:21 CEST 2001> <Kernel> Kernel loaded.
Mon Sep 17 16:44:21 CEST 2001> <Kernel> starting init...
Mon Sep 17 16:44:21 CEST 2001> <Init> Init started. [pid: 1]
Mon Sep 17 16:44:21 CEST 2001> <Init> Init completed succesfully.
Mon Sep 17 16:44:21 CEST 2001> <DBConnection> starting...
Mon Sep 17 16:44:21 CEST 2001> <DBConnection> Can't connect to DB
Mon Sep 17 16:44:21 CEST 2001> <DBConnection> DB Operations interface set to: SQL
Mon Sep 17 16:44:21 CEST 2001> <DBConnection> started. [pid: 2]
Mon Sep 17 16:56:10 CEST 2001> <Kernel> Kernel loaded.
Mon Sep 17 16:56:10 CEST 2001> <Kernel> starting init...
Mon Sep 17 16:56:10 CEST 2001> <Init> Init started. [pid: 1]
Mon Sep 17 16:56:10 CEST 2001> <Init> Init completed succesfully.
Mon Sep 17 16:56:10 CEST 2001> <DBConnection> starting...
Mon Sep 17 16:56:10 CEST 2001> <DBConnection> Can't connect to DB
Mon Sep 17 16:56:10 CEST 2001> <DBConnection> DB Operations interface set to: SQL
Mon Sep 17 16:56:10 CEST 2001> <DBConnection> started. [pid: 2]
Mon Sep 17 16:58:14 CEST 2001> <Kernel> Kernel loaded.
Mon Sep 17 16:58:14 CEST 2001> <Kernel> starting init...
Mon Sep 17 16:58:14 CEST 2001> <Init> Init started. [pid: 1]
Mon Sep 17 16:58:14 CEST 2001> <SystemXMLReader> Init c:/init.xml parsing.
Mon Sep 17 16:58:14 CEST 2001> <DBConnection> starting...
Mon Sep 17 16:58:14 CEST 2001> <DBConnection> Can't connect to DB
Mon Sep 17 16:58:14 CEST 2001> <DBConnection> DB Operations interface set to: SQL
Mon Sep 17 16:58:14 CEST 2001> <DBConnection> started. [pid: 2]
Mon Sep 17 16:58:15 CEST 2001> <SystemXMLReader> parsed.
Mon Sep 17 16:58:15 CEST 2001> <SystemXMLReader> Result [Pedro]
Mon Sep 17 16:58:15 CEST 2001> <SystemXMLReader> Result [Pedro, Alcazar]
Mon Sep 17 16:58:15 CEST 2001> <SystemXMLReader> Result [Pedro, Alcazar, Jimenez]
Mon Sep 17 16:58:15 CEST 2001> <Init> Init completed succesfully.
Mon Sep 17 17:06:34 CEST 2001> <Kernel> Kernel loaded.
Mon Sep 17 17:06:34 CEST 2001> <Kernel> starting init...
Mon Sep 17 17:06:34 CEST 2001> <Init> Init started. [pid: 1]
Mon Sep 17 17:06:34 CEST 2001> <SystemXMLReader> Init Data/etc/init.xml parsing.
Mon Sep 17 17:06:35 CEST 2001> <SystemXMLReader> parsed.
Mon Sep 17 17:06:35 CEST 2001> <SystemXMLReader> Result [com.javamercenary.ai.inferenczy.core.DBConnection]
Mon Sep 17 17:06:35 CEST 2001> Loading com.javamercenary.ai.inferenczy.core.DBConnection... 
Mon Sep 17 17:06:35 CEST 2001> <Init> Init completed succesfully.
Mon Sep 17 17:06:35 CEST 2001> <DBConnection> starting...
Mon Sep 17 17:06:35 CEST 2001> <DBConnection> Can't connect to DB
Mon Sep 17 17:06:35 CEST 2001> <DBConnection> DB Operations interface set to: SQL
Mon Sep 17 17:06:35 CEST 2001> <DBConnection> started. [pid: 2]
Mon Sep 17 17:07:11 CEST 2001> <Kernel> Kernel loaded.
Mon Sep 17 17:07:12 CEST 2001> <Kernel> starting init...
Mon Sep 17 17:07:12 CEST 2001> <Init> Init started. [pid: 1]
Mon Sep 17 17:07:12 CEST 2001> <SystemXMLReader> Init Data/etc/init.xml parsing.
Mon Sep 17 17:07:12 CEST 2001> <SystemXMLReader> parsed.
Mon Sep 17 17:07:12 CEST 2001> <Init> Loading com.javamercenary.ai.inferenczy.core.DBConnection... 
Mon Sep 17 17:07:12 CEST 2001> <Init> Init completed succesfully.
Mon Sep 17 17:07:12 CEST 2001> <DBConnection> starting...
Mon Sep 17 17:07:12 CEST 2001> <DBConnection> Can't connect to DB
Mon Sep 17 17:07:12 CEST 2001> <DBConnection> DB Operations interface set to: SQL
Mon Sep 17 17:07:12 CEST 2001> <DBConnection> started. [pid: 2]
Mon Sep 17 17:13:57 CEST 2001> <Kernel> Kernel loaded.
Mon Sep 17 17:13:57 CEST 2001> <Kernel> starting init...
Mon Sep 17 17:13:57 CEST 2001> <Init> Init started. [pid: 1]
Mon Sep 17 17:13:57 CEST 2001> <SystemXMLReader> Init Data/etc/init.xml parsing.
Mon Sep 17 17:13:57 CEST 2001> <SystemXMLReader> Exception SAX.com.sun.xml.parser/P-055 init.dtd
Mon Sep 17 17:13:57 CEST 2001> Failed loadin properties .Error: null
Mon Sep 17 17:14:55 CEST 2001> <Kernel> Kernel loaded.
Mon Sep 17 17:14:55 CEST 2001> <Kernel> starting init...
Mon Sep 17 17:14:55 CEST 2001> <Init> Init started. [pid: 1]
Mon Sep 17 17:14:55 CEST 2001> <SystemXMLReader> Init Data/etc/init.xml parsing.
Mon Sep 17 17:14:55 CEST 2001> <SystemXMLReader> parsed.
Mon Sep 17 17:14:55 CEST 2001> <Init> Loading com.javamercenary.ai.inferenczy.core.DBConnection... 
Mon Sep 17 17:14:55 CEST 2001> <Init> Init completed succesfully.
Mon Sep 17 17:14:55 CEST 2001> <DBConnection> starting...
Mon Sep 17 17:14:55 CEST 2001> <DBConnection> Can't connect to DB
Mon Sep 17 17:14:55 CEST 2001> <DBConnection> DB Operations interface set to: SQL
Mon Sep 17 17:14:55 CEST 2001> <DBConnection> started. [pid: 2]
Mon Sep 17 17:15:33 CEST 2001> <Kernel> Kernel loaded.
Mon Sep 17 17:15:33 CEST 2001> <Kernel> starting init...
Mon Sep 17 17:15:33 CEST 2001> <Init> Init started. [pid: 1]
Mon Sep 17 17:15:33 CEST 2001> <SystemXMLReader> Init Data/etc/init.xml parsing.
Mon Sep 17 17:15:33 CEST 2001> <SystemXMLReader> parsed.
Mon Sep 17 17:15:33 CEST 2001> <Init> Loading com.javamercenary.ai.inferenczy.core.DBConnection... 
Mon Sep 17 17:15:34 CEST 2001> <Init> Init completed succesfully.
Mon Sep 17 17:15:34 CEST 2001> <DBConnection> starting...
Mon Sep 17 17:15:34 CEST 2001> <DBConnection> Can't connect to DB
Mon Sep 17 17:15:34 CEST 2001> <DBConnection> DB Operations interface set to: SQL
Mon Sep 17 17:15:34 CEST 2001> <DBConnection> started. [pid: 2]
Tue Sep 18 09:26:00 CEST 2001> <Kernel> Kernel loaded.
Tue Sep 18 09:26:00 CEST 2001> <Kernel> starting init...
Tue Sep 18 09:26:00 CEST 2001> <Init> Init started. [pid: 1]
Tue Sep 18 09:26:00 CEST 2001> <SystemXMLReader> Init Data/etc/init.xml parsing.
Tue Sep 18 09:26:00 CEST 2001> <SystemXMLReader> parsed.
Tue Sep 18 09:26:00 CEST 2001> <Init> Loading com.javamercenary.ai.inferenczy.core.DBConnection... 
Tue Sep 18 09:26:00 CEST 2001> <Init> Init completed succesfully.
Tue Sep 18 09:26:00 CEST 2001> <DBConnection> starting...
Tue Sep 18 09:26:00 CEST 2001> <DBConnection> Can't connect to DB
Tue Sep 18 09:26:00 CEST 2001> <DBConnection> DB Operations interface set to: SQL
Tue Sep 18 09:26:00 CEST 2001> <DBConnection> started. [pid: 2]
<LOG><DATE>Tue Sep 18 09:28:26 CEST 2001</DATE><MESSAGE><Kernel> Kernel loaded.</MESSAGE></LOG>
<LOG><DATE>Tue Sep 18 09:28:26 CEST 2001</DATE><MESSAGE><Kernel> starting init...</MESSAGE></LOG>
<LOG><DATE>Tue Sep 18 09:28:26 CEST 2001</DATE><MESSAGE><Init> Init started. [pid: 1]</MESSAGE></LOG>
<LOG><DATE>Tue Sep 18 09:28:26 CEST 2001</DATE><MESSAGE><SystemXMLReader> Init Data/etc/init.xml parsing.</MESSAGE></LOG>
<LOG><DATE>Tue Sep 18 09:28:27 CEST 2001</DATE><MESSAGE><SystemXMLReader> parsed.</MESSAGE></LOG>
<LOG><DATE>Tue Sep 18 09:28:27 CEST 2001</DATE><MESSAGE><Init> Loading com.javamercenary.ai.inferenczy.core.DBConnection... </MESSAGE></LOG>
<LOG><DATE>Tue Sep 18 09:28:27 CEST 2001</DATE><MESSAGE><Init> Init completed succesfully.</MESSAGE></LOG>
<LOG><DATE>Tue Sep 18 09:28:27 CEST 2001</DATE><MESSAGE><DBConnection> starting...</MESSAGE></LOG>
<LOG><DATE>Tue Sep 18 09:28:27 CEST 2001</DATE><MESSAGE><DBConnection> Can't connect to DB</MESSAGE></LOG>
<LOG><DATE>Tue Sep 18 09:28:27 CEST 2001</DATE><MESSAGE><DBConnection> DB Operations interface set to: SQL</MESSAGE></LOG>
<LOG><DATE>Tue Sep 18 09:28:27 CEST 2001</DATE><MESSAGE><DBConnection> started. [pid: 2]</MESSAGE></LOG>
<LOG><DATE>Fri May 31 23:47:48 CEST 2013</DATE><MESSAGE><Kernel> Kernel loaded.</MESSAGE></LOG>
<LOG><DATE>Fri May 31 23:47:48 CEST 2013</DATE><MESSAGE><Kernel> starting init...</MESSAGE></LOG>
<LOG><DATE>Fri May 31 23:47:48 CEST 2013</DATE><MESSAGE><Init> Init started. [pid: 1]</MESSAGE></LOG>
<LOG><DATE>Fri May 31 23:47:48 CEST 2013</DATE><MESSAGE><SystemXMLReader> Init Data/etc/init.xml parsing.</MESSAGE></LOG>
<LOG><DATE>Fri May 31 23:47:49 CEST 2013</DATE><MESSAGE><SystemXMLReader> parsed.</MESSAGE></LOG>
<LOG><DATE>Fri May 31 23:47:49 CEST 2013</DATE><MESSAGE><Init> Loading com.javamercenary.ai.inferenczy.core.DBConnection... </MESSAGE></LOG>
<LOG><DATE>Fri May 31 23:47:49 CEST 2013</DATE><MESSAGE><DBConnection> starting...</MESSAGE></LOG>
<LOG><DATE>Fri May 31 23:47:49 CEST 2013</DATE><MESSAGE><Init> Init completed succesfully.</MESSAGE></LOG>
<LOG><DATE>Fri May 31 23:47:49 CEST 2013</DATE><MESSAGE><DBConnection> Can't connect to DB</MESSAGE></LOG>
<LOG><DATE>Fri May 31 23:47:49 CEST 2013</DATE><MESSAGE><DBConnection> DB Operations interface set to: SQL</MESSAGE></LOG>
<LOG><DATE>Fri May 31 23:47:49 CEST 2013</DATE><MESSAGE><DBConnection> started. [pid: 2]</MESSAGE></LOG>
